{"time":"2024-10-09T11:10:17.90031701Z","level":"INFO","msg":"using version","core version":"0.18.3"}
{"time":"2024-10-09T11:10:17.900344525Z","level":"INFO","msg":"created symlink","path":"/kaggle/working/wandb/run-20241009_111017-ccr1h11l/logs/debug-core.log"}
{"time":"2024-10-09T11:10:19.901225755Z","level":"ERROR","msg":"dialing: google: could not find default credentials. See https://cloud.google.com/docs/authentication/external/set-up-adc for more information"}
{"time":"2024-10-09T11:10:19.905642717Z","level":"INFO","msg":"created new stream","id":"ccr1h11l"}
{"time":"2024-10-09T11:10:19.905683397Z","level":"INFO","msg":"stream: started","id":"ccr1h11l"}
{"time":"2024-10-09T11:10:19.905722116Z","level":"INFO","msg":"sender: started","stream_id":{"value":"ccr1h11l"}}
{"time":"2024-10-09T11:10:19.905734382Z","level":"INFO","msg":"writer: Do: started","stream_id":{"value":"ccr1h11l"}}
{"time":"2024-10-09T11:10:19.905738259Z","level":"INFO","msg":"handler: started","stream_id":{"value":"ccr1h11l"}}
{"time":"2024-10-09T11:10:20.278841562Z","level":"INFO","msg":"wandb-core","!BADKEY":null}
{"time":"2024-10-09T11:10:20.280875752Z","level":"INFO","msg":"Starting system monitor"}
{"time":"2024-10-09T12:44:45.981523659Z","level":"INFO","msg":"Stopping system monitor"}
{"time":"2024-10-09T12:44:45.983830448Z","level":"INFO","msg":"Stopped system monitor"}
{"time":"2024-10-09T12:44:48.213121617Z","level":"WARN","msg":"No job ingredients found, not creating job artifact"}
{"time":"2024-10-09T12:44:48.213159537Z","level":"WARN","msg":"No source type found, not creating job artifact"}
{"time":"2024-10-09T12:44:48.213167143Z","level":"INFO","msg":"sender: sendDefer: no job artifact to save"}
{"time":"2024-10-09T12:44:48.263668383Z","level":"INFO","msg":"fileTransfer: Close: file transfer manager closed"}
{"time":"2024-10-09T12:44:49.466828235Z","level":"INFO","msg":"stream: closing","id":"ccr1h11l"}
{"time":"2024-10-09T12:44:49.466860849Z","level":"INFO","msg":"handler: closed","stream_id":{"value":"ccr1h11l"}}
{"time":"2024-10-09T12:44:49.466906764Z","level":"INFO","msg":"writer: Close: closed","stream_id":{"value":"ccr1h11l"}}
{"time":"2024-10-09T12:44:49.466969133Z","level":"INFO","msg":"sender: closed","stream_id":{"value":"ccr1h11l"}}
{"time":"2024-10-09T12:44:49.467019552Z","level":"INFO","msg":"stream: closed","id":"ccr1h11l"}
{"time":"2024-10-09T12:44:50.984255172Z","level":"ERROR","msg":"monitor: gpu: timeout waiting for process to exit"}
